0 info it worked if it ends with ok
1 verbose cli [ '/home/ubuntu/.nvm/versions/node/v4.4.0/bin/node',
1 verbose cli   '/home/ubuntu/.nvm/versions/node/v4.4.0/bin/npm',
1 verbose cli   'unpublish',
1 verbose cli   'cnn-health@0.0.2' ]
2 info using npm@2.14.20
3 info using node@v4.4.0
4 silly unpublish args[0] cnn-health@0.0.2
5 silly unpublish thing Result {
5 silly unpublish   raw: 'cnn-health@0.0.2',
5 silly unpublish   scope: null,
5 silly unpublish   name: 'cnn-health',
5 silly unpublish   rawSpec: '0.0.2',
5 silly unpublish   spec: '0.0.2',
5 silly unpublish   type: 'version' }
6 verbose getPublishConfig null
7 silly ls normalized cnn-health/0.0.2
8 silly gentlyRm /home/ubuntu/.npm/cnn-health/0.0.2 is being purged
9 verbose gentlyRm don't care about contents; nuking /home/ubuntu/.npm/cnn-health/0.0.2
10 silly mapToRegistry name cnn-health
11 silly mapToRegistry using default registry
12 silly mapToRegistry registry https://registry.npmjs.org/
13 silly mapToRegistry uri https://registry.npmjs.org/cnn-health
14 verbose get GET as part of write; not caching result
15 verbose request uri https://registry.npmjs.org/cnn-health?write=true
16 verbose request no auth needed
17 info attempt registry request try #1 at 3:29:42 PM
18 verbose request using bearer token for auth
19 verbose request id 80be57ac55fef641
20 http request GET https://registry.npmjs.org/cnn-health?write=true
21 http 200 https://registry.npmjs.org/cnn-health?write=true
22 verbose headers { server: 'CouchDB/1.5.0 (Erlang OTP/R16B03)',
22 verbose headers   etag: '"7JTAS79LKYZWJ8L6RIDR9PQXP"',
22 verbose headers   'content-type': 'application/json',
22 verbose headers   'content-encoding': 'gzip',
22 verbose headers   'cache-control': 'max-age=0',
22 verbose headers   'transfer-encoding': 'chunked',
22 verbose headers   'accept-ranges': 'bytes',
22 verbose headers   date: 'Mon, 25 Apr 2016 15:29:42 GMT',
22 verbose headers   via: '1.1 varnish',
22 verbose headers   connection: 'keep-alive',
22 verbose headers   'x-served-by': 'cache-ord1725-ORD',
22 verbose headers   'x-cache': 'MISS',
22 verbose headers   'x-cache-hits': '0',
22 verbose headers   'x-timer': 'S1461598182.402590,VS0,VE111',
22 verbose headers   vary: 'Accept-Encoding' }
23 silly get cb [ 200,
23 silly get   { server: 'CouchDB/1.5.0 (Erlang OTP/R16B03)',
23 silly get     etag: '"7JTAS79LKYZWJ8L6RIDR9PQXP"',
23 silly get     'content-type': 'application/json',
23 silly get     'content-encoding': 'gzip',
23 silly get     'cache-control': 'max-age=0',
23 silly get     'transfer-encoding': 'chunked',
23 silly get     'accept-ranges': 'bytes',
23 silly get     date: 'Mon, 25 Apr 2016 15:29:42 GMT',
23 silly get     via: '1.1 varnish',
23 silly get     connection: 'keep-alive',
23 silly get     'x-served-by': 'cache-ord1725-ORD',
23 silly get     'x-cache': 'MISS',
23 silly get     'x-cache-hits': '0',
23 silly get     'x-timer': 'S1461598182.402590,VS0,VE111',
23 silly get     vary: 'Accept-Encoding' } ]
24 verbose get saving cnn-health to /home/ubuntu/.npm/registry.npmjs.org/cnn-health_3Fwrite_3Dtrue/.cache.json
25 verbose correctMkdir /home/ubuntu/.npm correctMkdir not in flight; initializing
26 verbose unpublish removing attachments { shasum: '9effd12f250daf71bf799664b777368dff5cb38e',
26 verbose unpublish   tarball: 'http://registry.npmjs.org/cnn-health/-/cnn-health-0.0.2.tgz' }
27 info unpublish No versions remain, removing entire package
28 verbose request uri https://registry.npmjs.org/cnn-health/-rev/3-18df5d7127b813c15c2b623de3f8d86b
29 verbose request sending authorization for write operation
30 info attempt registry request try #1 at 3:29:42 PM
31 verbose request using bearer token for auth
32 http request DELETE https://registry.npmjs.org/cnn-health/-rev/3-18df5d7127b813c15c2b623de3f8d86b
33 http 400 https://registry.npmjs.org/cnn-health/-rev/3-18df5d7127b813c15c2b623de3f8d86b
34 verbose headers { 'content-type': 'application/json',
34 verbose headers   'cache-control': 'max-age=300',
34 verbose headers   'content-length': '17',
34 verbose headers   'accept-ranges': 'bytes',
34 verbose headers   date: 'Mon, 25 Apr 2016 15:29:43 GMT',
34 verbose headers   via: '1.1 varnish',
34 verbose headers   connection: 'keep-alive',
34 verbose headers   'x-served-by': 'cache-ord1743-ORD',
34 verbose headers   'x-cache': 'MISS',
34 verbose headers   'x-cache-hits': '0',
34 verbose headers   'x-timer': 'S1461598182.581482,VS0,VE675',
34 verbose headers   vary: 'Accept-Encoding' }
35 verbose request invalidating /home/ubuntu/.npm/registry.npmjs.org/cnn-health on DELETE
36 verbose stack Error: Registry returned 400 for DELETE on https://registry.npmjs.org/cnn-health/-rev/3-18df5d7127b813c15c2b623de3f8d86b
36 verbose stack     at makeError (/home/ubuntu/.nvm/versions/node/v4.4.0/lib/node_modules/npm/node_modules/npm-registry-client/lib/request.js:264:12)
36 verbose stack     at CachingRegistryClient.<anonymous> (/home/ubuntu/.nvm/versions/node/v4.4.0/lib/node_modules/npm/node_modules/npm-registry-client/lib/request.js:242:14)
36 verbose stack     at Request._callback (/home/ubuntu/.nvm/versions/node/v4.4.0/lib/node_modules/npm/node_modules/npm-registry-client/lib/request.js:172:14)
36 verbose stack     at Request.self.callback (/home/ubuntu/.nvm/versions/node/v4.4.0/lib/node_modules/npm/node_modules/request/request.js:199:22)
36 verbose stack     at emitTwo (events.js:87:13)
36 verbose stack     at Request.emit (events.js:172:7)
36 verbose stack     at Request.<anonymous> (/home/ubuntu/.nvm/versions/node/v4.4.0/lib/node_modules/npm/node_modules/request/request.js:1036:10)
36 verbose stack     at emitOne (events.js:82:20)
36 verbose stack     at Request.emit (events.js:169:7)
36 verbose stack     at IncomingMessage.<anonymous> (/home/ubuntu/.nvm/versions/node/v4.4.0/lib/node_modules/npm/node_modules/request/request.js:963:12)
37 verbose statusCode 400
38 verbose pkgid cnn-health
39 verbose cwd /home/ubuntu/workspace
40 error Linux 4.2.0-c9
41 error argv "/home/ubuntu/.nvm/versions/node/v4.4.0/bin/node" "/home/ubuntu/.nvm/versions/node/v4.4.0/bin/npm" "unpublish" "cnn-health@0.0.2"
42 error node v4.4.0
43 error npm  v2.14.20
44 error code E400
45 error Registry returned 400 for DELETE on https://registry.npmjs.org/cnn-health/-rev/3-18df5d7127b813c15c2b623de3f8d86b
46 error If you need help, you may report this error at:
46 error     <https://github.com/npm/npm/issues>
47 verbose exit [ 1, true ]
